<?xml version="1.0" encoding="utf-8"?>
<testsuite name="jshint" tests="1" failures="1" errors="0">
	<testcase name="js/scripts.js">
		<failure message="1 JSHINT Failure">
1. line 114, char 3: Missing semicolon.
		</failure>
	</testcase>
</testsuite>
